TN:
SF:script/DeployDemo.s.sol
DA:13,0
FN:13,DemoWETH.constructor
FNDA:0,DemoWETH.constructor
DA:14,0
DA:17,0
FN:17,DemoWETH.receive
FNDA:0,DemoWETH.receive
DA:18,0
DA:21,0
FN:21,DemoWETH.deposit
FNDA:0,DemoWETH.deposit
DA:22,0
DA:23,0
DA:24,0
DA:27,0
FN:27,DemoWETH.withdraw
FNDA:0,DemoWETH.withdraw
DA:28,0
BRDA:28,0,0,-
BRDA:28,0,1,-
DA:29,0
DA:30,0
DA:31,0
DA:32,0
DA:33,0
BRDA:33,1,0,-
BRDA:33,1,1,-
DA:38,0
FN:38,DeployDemo.run
FNDA:0,DeployDemo.run
DA:39,0
DA:41,0
DA:42,0
DA:43,0
DA:44,0
DA:45,0
DA:47,0
DA:48,0
DA:50,0
DA:52,0
DA:53,0
DA:54,0
DA:55,0
DA:56,0
DA:57,0
DA:58,0
FNF:5
FNH:0
LF:32
LH:0
BRF:4
BRH:0
end_of_record
TN:
SF:src/ERC20.sol
DA:17,208
FN:17,ERC20.constructor
FNDA:208,ERC20.constructor
DA:18,208
DA:19,208
DA:20,208
DA:21,208
DA:22,208
DA:25,3374
FN:25,ERC20.approve
FNDA:3374,ERC20.approve
DA:26,3374
DA:27,3374
DA:28,3374
DA:31,564793
FN:31,ERC20.transfer
FNDA:564793,ERC20.transfer
DA:32,564793
BRDA:32,0,0,-
BRDA:32,0,1,564793
DA:33,564793
DA:34,564793
DA:35,564793
DA:36,564793
DA:39,3365
FN:39,ERC20.transferFrom
FNDA:3365,ERC20.transferFrom
DA:40,3365
BRDA:40,1,0,-
BRDA:40,1,1,3365
DA:41,3365
BRDA:41,2,0,-
BRDA:41,2,1,3365
DA:42,3365
DA:43,3365
DA:44,3365
DA:45,3365
DA:46,3365
DA:49,0
FN:49,ERC20._mint
FNDA:0,ERC20._mint
DA:50,0
DA:51,0
DA:52,0
DA:55,8
FN:55,ERC20._burn
FNDA:8,ERC20._burn
DA:56,8
BRDA:56,3,0,-
BRDA:56,3,1,8
DA:57,8
DA:58,8
DA:59,8
FNF:6
FNH:5
LF:33
LH:29
BRF:8
BRH:4
end_of_record
TN:
SF:src/Factory.sol
DA:14,87
FN:14,Factory.constructor
FNDA:87,Factory.constructor
DA:15,87
BRDA:15,0,0,-
BRDA:15,0,1,87
DA:16,87
DA:19,1
FN:19,Factory.allPairsLength
FNDA:1,Factory.allPairsLength
DA:20,1
DA:23,1346
FN:23,Factory.createPair
FNDA:1346,Factory.createPair
DA:24,1346
BRDA:24,1,0,1
BRDA:24,1,1,1345
DA:25,1345
DA:26,1345
BRDA:26,2,0,1
BRDA:26,2,1,1344
DA:27,1344
BRDA:27,3,0,2
BRDA:27,3,1,1342
DA:30,1342
DA:31,1342
DA:34,1342
DA:37,1342
DA:39,1342
DA:40,1342
DA:41,1342
DA:43,1342
DA:46,6
FN:46,Factory.setFeeTo
FNDA:6,Factory.setFeeTo
DA:47,6
BRDA:47,4,0,1
BRDA:47,4,1,5
DA:48,5
DA:51,2
FN:51,Factory.setFeeToSetter
FNDA:2,Factory.setFeeToSetter
DA:52,2
BRDA:52,5,0,1
BRDA:52,5,1,1
DA:53,1
BRDA:53,6,0,-
BRDA:53,6,1,1
DA:54,1
FNF:5
FNH:5
LF:25
LH:25
BRF:14
BRH:12
end_of_record
TN:
SF:src/Library.sol
DA:8,12917
FN:8,Library.sortTokens
FNDA:12917,Library.sortTokens
DA:9,12917
BRDA:9,0,0,1
BRDA:9,0,1,12916
DA:10,12916
DA:11,12916
BRDA:11,1,0,1
BRDA:11,1,1,12915
DA:14,7750
FN:14,Library.pairFor
FNDA:7750,Library.pairFor
DA:15,7750
DA:16,7750
DA:17,7750
DA:18,7750
DA:21,3875
FN:21,Library.getReserves
FNDA:3875,Library.getReserves
DA:26,3875
DA:27,3875
DA:28,3875
DA:29,3875
DA:32,266
FN:32,Library.quote
FNDA:266,Library.quote
DA:33,266
BRDA:33,2,0,1
BRDA:33,2,1,265
DA:34,265
BRDA:34,3,0,2
BRDA:34,3,1,263
DA:35,263
DA:38,181927
FN:38,Library.getAmountOut
FNDA:181927,Library.getAmountOut
DA:43,181927
BRDA:43,4,0,1
BRDA:43,4,1,181926
DA:44,181926
BRDA:44,5,0,2
BRDA:44,5,1,181924
DA:45,181924
DA:46,181924
DA:47,181924
DA:50,1292
FN:50,Library.getAmountIn
FNDA:1292,Library.getAmountIn
DA:55,1292
BRDA:55,6,0,1
BRDA:55,6,1,1291
DA:56,1291
BRDA:56,7,0,2
BRDA:56,7,1,1289
DA:57,1289
DA:58,1289
DA:59,1289
DA:62,1029
FN:62,Library.getAmountsOut
FNDA:1029,Library.getAmountsOut
DA:67,1029
BRDA:67,8,0,1
BRDA:67,8,1,1028
DA:68,1028
DA:69,1028
DA:70,1028
DA:71,1028
DA:72,1542
DA:73,1542
DA:77,516
FN:77,Library.getAmountsIn
FNDA:516,Library.getAmountsIn
DA:82,516
BRDA:82,9,0,1
BRDA:82,9,1,515
DA:83,515
DA:84,515
DA:85,515
DA:86,1028
DA:87,1028
FNF:8
FNH:8
LF:45
LH:45
BRF:20
BRH:20
end_of_record
TN:
SF:src/Math.sol
DA:9,25599
FN:9,Math.min
FNDA:25599,Math.min
DA:10,25599
DA:20,1339
FN:20,Math.sqrt
FNDA:1339,Math.sqrt
DA:21,1339
BRDA:21,0,0,-
DA:23,1339
DA:24,1339
DA:25,97240
DA:26,95901
DA:28,95901
FNF:2
FNH:2
LF:9
LH:9
BRF:1
BRH:0
end_of_record
TN:
SF:src/Pair.sol
DA:44,1342
FN:44,Pair.constructor
FNDA:1342,Pair.constructor
DA:45,1342
DA:48,181154
FN:48,Pair.lock
FNDA:181154,Pair.lock
DA:49,181154
BRDA:49,0,0,-
BRDA:49,0,1,25716
DA:50,181154
DA:52,181148
DA:55,1342
FN:55,Pair.initialize
FNDA:1342,Pair.initialize
DA:56,1342
BRDA:56,1,0,-
BRDA:56,1,1,1342
DA:57,1342
BRDA:57,2,0,-
BRDA:57,2,1,1342
DA:58,1342
DA:59,1342
DA:62,312514
FN:62,Pair.getReserves
FNDA:312514,Pair.getReserves
DA:63,546446
DA:66,233801
FN:66,Pair._update
FNDA:233801,Pair._update
DA:67,233801
BRDA:67,3,0,-
BRDA:67,3,1,233801
DA:69,233801
DA:70,233801
DA:72,233801
DA:75,233801
BRDA:75,4,0,3
DA:78,3
DA:79,3
DA:83,233801
DA:84,233801
DA:85,233801
DA:87,233801
DA:90,26939
FN:90,Pair._mintFee
FNDA:26939,Pair._mintFee
DA:91,26939
DA:92,26939
DA:93,26939
DA:94,5
BRDA:94,5,0,5
BRDA:94,5,1,26934
DA:95,5
BRDA:95,6,0,2
DA:96,2
DA:97,2
DA:98,2
BRDA:98,7,0,2
DA:99,2
DA:100,2
BRDA:100,8,0,2
DA:103,26934
BRDA:103,9,0,1
DA:104,1
DA:106,26939
DA:109,26932
FN:109,Pair.mint
FNDA:26932,Pair.mint
DA:110,26932
DA:111,26932
DA:112,26932
DA:113,26932
DA:114,26932
DA:116,26932
DA:117,26932
DA:119,26932
BRDA:119,10,0,1333
BRDA:119,10,1,1332
DA:120,1333
DA:121,1333
BRDA:121,11,0,1
BRDA:121,11,1,1332
DA:122,1332
DA:123,1332
DA:125,25599
DA:128,26931
BRDA:128,12,0,-
BRDA:128,12,1,26931
DA:129,26931
DA:130,26931
DA:131,5
BRDA:131,13,0,5
DA:132,26931
DA:135,7
FN:135,Pair.burn
FNDA:7,Pair.burn
DA:136,7
DA:137,7
DA:138,7
DA:140,7
DA:141,7
DA:142,7
DA:144,7
DA:145,7
DA:146,7
BRDA:146,14,0,1
BRDA:146,14,1,6
DA:148,6
DA:150,6
DA:151,6
DA:153,6
DA:154,6
DA:155,6
DA:157,0
BRDA:157,15,0,-
DA:158,6
DA:161,181154
FN:161,Pair.swap
FNDA:181154,Pair.swap
DA:162,181154
BRDA:162,16,0,1
BRDA:162,16,1,181153
DA:163,181153
DA:164,181153
BRDA:164,17,0,1
BRDA:164,17,1,181152
DA:165,181152
BRDA:165,18,0,1
BRDA:165,18,1,181151
DA:167,181151
BRDA:167,19,0,90907
DA:168,181151
BRDA:168,20,0,90244
DA:170,181151
BRDA:170,21,0,2
DA:172,181151
DA:173,181151
DA:175,181151
DA:176,181151
DA:177,181151
BRDA:177,22,0,1
BRDA:177,22,1,181150
DA:181,181150
DA:182,181150
DA:183,181150
BRDA:183,23,0,2
BRDA:183,23,1,181148
DA:186,181148
DA:188,181148
DA:191,25716
FN:191,Pair.sync
FNDA:25716,Pair.sync
DA:192,25716
DA:193,25716
DA:194,25716
DA:197,25840
FN:197,Pair.skim
FNDA:25840,Pair.skim
DA:198,25840
DA:199,25840
DA:200,25840
DA:201,25840
BRDA:201,24,0,25447
DA:202,25840
BRDA:202,25,0,25418
FNF:11
FNH:11
LF:104
LH:103
BRF:40
BRH:34
end_of_record
TN:
SF:src/Router.sol
DA:15,23
FN:15,Router.constructor
FNDA:23,Router.constructor
DA:16,23
BRDA:16,0,0,-
BRDA:16,0,1,23
DA:17,23
DA:18,23
DA:21,3
FN:21,Router.ensure
FNDA:3,Router.ensure
DA:22,3
BRDA:22,1,0,-
BRDA:22,1,1,10
DA:26,2
FN:26,Router.receive
FNDA:2,Router.receive
DA:28,2
BRDA:28,2,0,1
BRDA:28,2,1,1
DA:31,1304
FN:31,Router._addLiquidity
FNDA:1304,Router._addLiquidity
DA:40,1304
BRDA:40,3,0,1299
DA:41,1299
DA:45,1304
DA:48,1304
BRDA:48,4,0,1299
BRDA:48,4,1,-
DA:50,1299
DA:54,5
DA:56,5
BRDA:56,5,0,4
BRDA:56,5,1,-
DA:58,4
BRDA:58,6,0,2
BRDA:58,6,1,2
DA:59,2
DA:64,1
DA:67,1
BRDA:67,7,0,-
BRDA:67,7,1,1
DA:68,1
BRDA:68,8,0,1
BRDA:68,8,1,-
DA:70,0
DA:76,1295
FN:76,Router.addLiquidity
FNDA:1295,Router.addLiquidity
DA:87,1294
DA:90,1293
DA:96,1293
DA:97,1293
DA:101,1293
DA:104,10
FN:104,Router.addLiquidityETH
FNDA:10,Router.addLiquidityETH
DA:113,10
DA:123,8
DA:126,8
DA:129,8
BRDA:129,9,0,1
DA:130,1
DA:134,8
DA:135,8
BRDA:135,10,0,-
BRDA:135,10,1,8
DA:138,8
DA:141,2
FN:141,Router.removeLiquidity
FNDA:2,Router.removeLiquidity
DA:151,2
DA:154,2
BRDA:154,11,0,-
BRDA:154,11,1,2
DA:157,2
DA:160,2
DA:161,2
DA:163,2
BRDA:163,12,0,1
BRDA:163,12,1,1
DA:164,1
BRDA:164,13,0,-
BRDA:164,13,1,1
DA:167,3
FN:167,Router.removeLiquidityETH
FNDA:3,Router.removeLiquidityETH
DA:176,3
DA:179,3
DA:182,3
DA:185,3
DA:186,3
DA:188,3
BRDA:188,14,0,1
BRDA:188,14,1,2
DA:189,2
BRDA:189,15,0,1
BRDA:189,15,1,1
DA:192,1
DA:194,1
DA:195,1
DA:198,771
FN:198,Router._swap
FNDA:771,Router._swap
DA:199,771
DA:200,1284
DA:201,1284
DA:202,1284
DA:203,1284
DA:204,1284
DA:205,1284
DA:206,1284
DA:210,516
FN:210,Router.swapExactTokensForTokens
FNDA:516,Router.swapExactTokensForTokens
DA:217,515
DA:218,515
BRDA:218,16,0,1
BRDA:218,16,1,514
DA:219,514
DA:220,514
DA:223,258
FN:223,Router.swapTokensForExactTokens
FNDA:258,Router.swapTokensForExactTokens
DA:230,258
DA:231,258
BRDA:231,17,0,1
BRDA:231,17,1,257
DA:232,257
DA:233,257
FNF:11
FNH:11
LF:75
LH:74
BRF:34
BRH:25
end_of_record
TN:
SF:src/SimpleTwapOracle.sol
DA:20,4
FN:20,SimpleTwapOracle.constructor
FNDA:4,SimpleTwapOracle.constructor
DA:21,4
BRDA:21,0,0,-
BRDA:21,0,1,4
DA:22,4
BRDA:22,1,0,-
BRDA:22,1,1,4
DA:24,4
DA:25,4
DA:26,4
DA:27,4
DA:29,4
DA:30,4
DA:31,4
DA:34,3
FN:34,SimpleTwapOracle.update
FNDA:3,SimpleTwapOracle.update
DA:35,3
DA:36,3
DA:38,3
DA:41,3
BRDA:41,2,0,1
BRDA:41,2,1,2
DA:43,2
DA:44,2
DA:46,2
DA:47,2
DA:48,2
DA:51,4
FN:51,SimpleTwapOracle.consult
FNDA:4,SimpleTwapOracle.consult
DA:52,4
BRDA:52,3,0,-
BRDA:52,3,1,4
DA:54,4
BRDA:54,4,0,2
BRDA:54,4,1,1
DA:55,2
BRDA:55,5,0,1
BRDA:55,5,1,1
DA:56,1
DA:57,2
BRDA:57,6,0,1
BRDA:57,6,1,1
DA:58,1
BRDA:58,7,0,-
BRDA:58,7,1,1
DA:59,1
DA:61,1
DA:65,0
FN:65,SimpleTwapOracle.currentCumulativePrices
FNDA:0,SimpleTwapOracle.currentCumulativePrices
DA:70,3
DA:71,3
DA:72,3
DA:74,3
DA:75,3
BRDA:75,8,0,3
DA:76,3
DA:78,3
DA:80,3
DA:81,3
FNF:4
FNH:3
LF:39
LH:38
BRF:17
BRH:13
end_of_record
TN:
SF:src/TransferHelper.sol
DA:6,3368
FN:6,TransferHelper.safeTransferFrom
FNDA:3368,TransferHelper.safeTransferFrom
DA:7,3368
DA:10,3368
BRDA:10,0,0,-
BRDA:10,0,1,3368
DA:13,232029
FN:13,TransferHelper.safeTransfer
FNDA:232029,TransferHelper.safeTransfer
DA:14,232029
DA:15,232029
DA:16,232029
BRDA:16,1,0,-
BRDA:16,1,1,232029
DA:19,2
FN:19,TransferHelper.safeTransferETH
FNDA:2,TransferHelper.safeTransferETH
DA:20,2
DA:21,2
BRDA:21,2,0,-
BRDA:21,2,1,2
FNF:3
FNH:3
LF:10
LH:10
BRF:6
BRH:3
end_of_record
TN:
SF:src/UniERC20.sol
DA:27,1342
FN:27,UniERC20.constructor
FNDA:1342,UniERC20.constructor
DA:28,1342
DA:30,1342
DA:32,1342
DA:43,5
FN:43,UniERC20.approve
FNDA:5,UniERC20.approve
DA:44,5
DA:45,5
DA:46,5
DA:49,1
FN:49,UniERC20.transfer
FNDA:1,UniERC20.transfer
DA:50,1
BRDA:50,0,0,-
BRDA:50,0,1,1
DA:51,1
DA:52,1
DA:53,1
DA:54,1
DA:57,5
FN:57,UniERC20.transferFrom
FNDA:5,UniERC20.transferFrom
DA:58,5
BRDA:58,1,0,-
BRDA:58,1,1,5
DA:59,5
BRDA:59,2,0,-
BRDA:59,2,1,5
DA:60,5
DA:61,5
DA:62,5
DA:63,5
DA:64,5
DA:67,28265
FN:67,UniERC20._mint
FNDA:28265,UniERC20._mint
DA:68,28265
DA:69,28265
DA:70,28265
DA:73,6
FN:73,UniERC20._burn
FNDA:6,UniERC20._burn
DA:74,6
BRDA:74,3,0,-
BRDA:74,3,1,6
DA:75,6
DA:76,6
DA:77,6
DA:80,0
FN:80,UniERC20.getTotalSupply
FNDA:0,UniERC20.getTotalSupply
DA:81,0
DA:84,5
FN:84,UniERC20.permit
FNDA:5,UniERC20.permit
DA:87,5
BRDA:87,4,0,1
BRDA:87,4,1,4
DA:89,4
DA:97,4
DA:98,4
BRDA:98,5,0,2
BRDA:98,5,1,2
DA:100,2
DA:101,2
FNF:8
FNH:7
LF:40
LH:38
BRF:12
BRH:8
end_of_record
TN:
SF:test/Library.t.sol
DA:11,3
FN:11,LibraryHarness.sortTokens
FNDA:3,LibraryHarness.sortTokens
DA:12,3
DA:15,260
FN:15,LibraryHarness.quote
FNDA:260,LibraryHarness.quote
DA:16,260
DA:19,518
FN:19,LibraryHarness.getAmountOut
FNDA:518,LibraryHarness.getAmountOut
DA:20,518
DA:23,262
FN:23,LibraryHarness.getAmountIn
FNDA:262,LibraryHarness.getAmountIn
DA:24,262
DA:27,2
FN:27,LibraryHarness.getAmountsOut
FNDA:2,LibraryHarness.getAmountsOut
DA:32,2
DA:35,2
FN:35,LibraryHarness.getAmountsIn
FNDA:2,LibraryHarness.getAmountsIn
DA:40,2
FNF:6
FNH:6
LF:12
LH:12
BRF:0
BRH:0
end_of_record
TN:
SF:test/Mocks.t.sol
DA:8,8
FN:8,MockWETH.constructor
FNDA:8,MockWETH.constructor
DA:9,8
DA:12,0
FN:12,MockWETH.receive
FNDA:0,MockWETH.receive
DA:13,0
DA:16,8
FN:16,MockWETH.deposit
FNDA:8,MockWETH.deposit
DA:17,8
DA:18,8
DA:19,8
DA:22,1
FN:22,MockWETH.withdraw
FNDA:1,MockWETH.withdraw
DA:23,1
BRDA:23,0,0,-
BRDA:23,0,1,1
DA:24,1
DA:25,1
DA:26,1
DA:27,1
DA:28,1
BRDA:28,1,0,-
BRDA:28,1,1,1
DA:41,1
FN:41,FlashSwapCallee.setMode
FNDA:1,FlashSwapCallee.setMode
DA:42,1
DA:45,2
FN:45,FlashSwapCallee.uniswapV2Call
FNDA:2,FlashSwapCallee.uniswapV2Call
DA:46,2
DA:48,2
BRDA:48,2,0,-
DA:50,2
BRDA:50,3,0,-
DA:51,0
DA:52,0
DA:55,2
BRDA:55,4,0,2
DA:56,2
DA:57,2
FNF:6
FNH:5
LF:26
LH:22
BRF:7
BRH:3
end_of_record
TN:
SF:test/PairForAndReserves.t.sol
DA:12,1
FN:12,LibraryHarness.pairFor
FNDA:1,LibraryHarness.pairFor
DA:13,1
DA:16,1
FN:16,LibraryHarness.getReserves
FNDA:1,LibraryHarness.getReserves
DA:21,1
FNF:2
FNH:2
LF:4
LH:4
BRF:0
BRH:0
end_of_record
TN:
SF:test/PairInvariant.t.sol
DA:17,1
FN:17,PairActionHandler.constructor.0
FNDA:1,PairActionHandler.constructor.0
DA:18,1
DA:19,1
DA:20,1
DA:23,25591
FN:23,PairActionHandler.addLiquidity
FNDA:25591,PairActionHandler.addLiquidity
DA:24,25591
DA:25,25591
DA:27,25591
DA:28,25591
DA:29,25591
DA:32,25561
FN:32,PairActionHandler.swap0For1.0
FNDA:25561,PairActionHandler.swap0For1.0
DA:33,25561
DA:34,25561
DA:35,25561
DA:36,25561
BRDA:36,0,0,-
DA:38,25561
DA:39,25561
DA:42,25797
FN:42,PairActionHandler.swap1For0.0
FNDA:25797,PairActionHandler.swap1For0.0
DA:43,25797
DA:44,25797
DA:45,25797
DA:46,25797
BRDA:46,1,0,-
DA:48,25797
DA:49,25797
DA:52,25839
FN:52,PairActionHandler.skim
FNDA:25839,PairActionHandler.skim
DA:53,25839
DA:54,25839
DA:56,25839
BRDA:56,2,0,25446
DA:57,25839
BRDA:57,3,0,25417
DA:58,25839
DA:61,25712
FN:61,PairActionHandler.sync
FNDA:25712,PairActionHandler.sync
DA:62,25712
DA:63,25712
DA:65,25712
BRDA:65,4,0,25316
DA:66,25712
BRDA:66,5,0,25232
DA:67,25712
DA:70,205642
FN:70,PairActionHandler._maxSpend.0
FNDA:205642,PairActionHandler._maxSpend.0
DA:71,205642
DA:72,205642
BRDA:72,6,0,-
DA:73,205642
DA:76,205642
FN:76,PairActionHandler._bound.0
FNDA:205642,PairActionHandler._bound.0
DA:77,205642
BRDA:77,7,0,-
DA:78,205642
DA:90,1
FN:90,SwapOnlyHandler.constructor.1
FNDA:1,SwapOnlyHandler.constructor.1
DA:91,1
DA:92,1
DA:93,1
DA:94,1
DA:95,1
DA:96,1
DA:99,64162
FN:99,SwapOnlyHandler.swap0For1.1
FNDA:64162,SwapOnlyHandler.swap0For1.1
DA:100,64162
DA:101,64162
DA:102,64162
DA:103,64162
BRDA:103,8,0,-
DA:105,64162
DA:106,64162
DA:107,64162
DA:110,64338
FN:110,SwapOnlyHandler.swap1For0.1
FNDA:64338,SwapOnlyHandler.swap1For0.1
DA:111,64338
DA:112,64338
DA:113,64338
DA:114,64338
BRDA:114,9,0,-
DA:116,64338
DA:117,64338
DA:118,64338
DA:121,128500
FN:121,SwapOnlyHandler._recordK
FNDA:128500,SwapOnlyHandler._recordK
DA:122,128500
DA:123,128500
DA:124,128500
BRDA:124,10,0,-
DA:125,128500
DA:128,128500
FN:128,SwapOnlyHandler._maxSpend.1
FNDA:128500,SwapOnlyHandler._maxSpend.1
DA:129,128500
DA:130,128500
BRDA:130,11,0,-
DA:131,128500
DA:134,128500
FN:134,SwapOnlyHandler._bound.1
FNDA:128500,SwapOnlyHandler._bound.1
DA:135,128500
BRDA:135,12,0,-
DA:136,128500
FNF:14
FNH:14
LF:78
LH:78
BRF:13
BRH:4
end_of_record
